<html>
<head>
<title>TestNG:  Surefire test</title>
<link href="../testng.css" rel="stylesheet" type="text/css" />
<link href="../my-testng.css" rel="stylesheet" type="text/css" />

<style type="text/css">
.log { display: none;} 
.stack-trace { display: none;} 
</style>
<script type="text/javascript">
<!--
function flip(e) {
  current = e.style.display;
  if (current == 'block') {
    e.style.display = 'none';
    return 0;
  }
  else {
    e.style.display = 'block';
    return 1;
  }
}

function toggleBox(szDivId, elem, msg1, msg2)
{
  var res = -1;  if (document.getElementById) {
    res = flip(document.getElementById(szDivId));
  }
  else if (document.all) {
    // this is the way old msie versions work
    res = flip(document.all[szDivId]);
  }
  if(elem) {
    if(res == 0) elem.innerHTML = msg1; else elem.innerHTML = msg2;
  }

}

function toggleAllBoxes() {
  if (document.getElementsByTagName) {
    d = document.getElementsByTagName('div');
    for (i = 0; i < d.length; i++) {
      if (d[i].className == 'log') {
        flip(d[i]);
      }
    }
  }
}

// -->
</script>

</head>
<body>
<h2 align='center'>Surefire test</h2><table border='1' align="center">
<tr>
<td>Tests passed/Failed/Skipped:</td><td>10/0/1</td>
</tr><tr>
<td>Started on:</td><td>Sat Nov 30 12:54:38 IST 2024</td>
</tr>
<tr><td>Total time:</td><td>97 seconds (97308 ms)</td>
</tr><tr>
<td>Included groups:</td><td></td>
</tr><tr>
<td>Excluded groups:</td><td></td>
</tr>
</table><p/>
<small><i>(Hover the method name to see the test class name)</i></small><p/>
<table width='100%' border='1' class='invocation-passed'>
<tr><td colspan='4' align='center'><b>PASSED TESTS</b></td></tr>
<tr><td><b>Test method</b></td>
<td><b>Attribute(s)</b></td>
<td width="30%"><b>Exception</b></td>
<td width="10%"><b>Time (seconds)</b></td>
<td><b>Instance</b></td>
</tr>
<tr>
<td title='usa.airlines.path2usa.cucumber.TestNgTestRunner.runScenario()'><b>runScenario</b><br>Test class: usa.airlines.path2usa.cucumber.TestNgTestRunner<br>Test method: Runs Cucumber Scenarios<br>Parameters: "Disable Dates Before Today in Calendar", "Calendar Date Picker for Departure Flight"</td>
<td></td>
<td>6</td>
<td>usa.airlines.path2usa.cucumber.TestNgTestRunner@235ecd9f</td></tr>
<tr>
<td title='usa.airlines.path2usa.cucumber.TestNgTestRunner.runScenario()'><b>runScenario</b><br>Test class: usa.airlines.path2usa.cucumber.TestNgTestRunner<br>Test method: Runs Cucumber Scenarios<br>Parameters: "Select Travel Date from Calendar", "Calendar Date Picker for Departure Flight"</td>
<td></td>
<td>7</td>
<td>usa.airlines.path2usa.cucumber.TestNgTestRunner@235ecd9f</td></tr>
<tr>
<td title='usa.airlines.path2usa.travelcalendar.CalendarTravelDatePickerTest.verifyTodayDateIsHighlightedInCalendar()'><b>verifyTodayDateIsHighlightedInCalendar</b><br>Test class: usa.airlines.path2usa.travelcalendar.CalendarTravelDatePickerTest</td>
<td></td>
<td>2</td>
<td>usa.airlines.path2usa.travelcalendar.CalendarTravelDatePickerTest@548d708a</td></tr>
<tr>
<td title='usa.airlines.path2usa.travelcalendar.CalendarTravelDatePickerTest.selectDateOfTravel()'><b>selectDateOfTravel</b><br>Test class: usa.airlines.path2usa.travelcalendar.CalendarTravelDatePickerTest<br>Parameters: 18, January, 2026</td>
<td></td>
<td>3</td>
<td>usa.airlines.path2usa.travelcalendar.CalendarTravelDatePickerTest@548d708a</td></tr>
<tr>
<td title='usa.airlines.path2usa.cucumber.TestNgTestRunner.runScenario()'><b>runScenario</b><br>Test class: usa.airlines.path2usa.cucumber.TestNgTestRunner<br>Test method: Runs Cucumber Scenarios<br>Parameters: "Highlight Current Date in Calendar", "Calendar Date Picker for Departure Flight"</td>
<td></td>
<td>17</td>
<td>usa.airlines.path2usa.cucumber.TestNgTestRunner@235ecd9f</td></tr>
<tr>
<td title='usa.airlines.path2usa.travelcalendar.CalendarTravelDatePickerTest.selectDateOfTravel()'><b>selectDateOfTravel</b><br>Test class: usa.airlines.path2usa.travelcalendar.CalendarTravelDatePickerTest<br>Parameters: 31, July, 2041</td>
<td></td>
<td>3</td>
<td>usa.airlines.path2usa.travelcalendar.CalendarTravelDatePickerTest@548d708a</td></tr>
<tr>
<td title='usa.airlines.path2usa.travelcalendar.CalendarTravelDatePickerTest.selectDateOfTravel()'><b>selectDateOfTravel</b><br>Test class: usa.airlines.path2usa.travelcalendar.CalendarTravelDatePickerTest<br>Parameters: 29, June, 2032</td>
<td></td>
<td>3</td>
<td>usa.airlines.path2usa.travelcalendar.CalendarTravelDatePickerTest@548d708a</td></tr>
<tr>
<td title='usa.airlines.path2usa.travelcalendar.CalendarTravelDatePickerTest.selectDateOfTravel()'><b>selectDateOfTravel</b><br>Test class: usa.airlines.path2usa.travelcalendar.CalendarTravelDatePickerTest<br>Parameters: 15, March, 2028</td>
<td></td>
<td>3</td>
<td>usa.airlines.path2usa.travelcalendar.CalendarTravelDatePickerTest@548d708a</td></tr>
<tr>
<td title='usa.airlines.path2usa.travelcalendar.CalendarTravelDatePickerTest.verifyDepartureDatesAreDisabledBeforeTodayDate()'><b>verifyDepartureDatesAreDisabledBeforeTodayDate</b><br>Test class: usa.airlines.path2usa.travelcalendar.CalendarTravelDatePickerTest</td>
<td></td>
<td>2</td>
<td>usa.airlines.path2usa.travelcalendar.CalendarTravelDatePickerTest@548d708a</td></tr>
<tr>
<td title='usa.airlines.path2usa.cucumber.TestNgTestRunner.runScenario()'><b>runScenario</b><br>Test class: usa.airlines.path2usa.cucumber.TestNgTestRunner<br>Test method: Runs Cucumber Scenarios<br>Parameters: "Select Travel Date from Calendar", "Calendar Date Picker for Departure Flight"</td>
<td></td>
<td>7</td>
<td>usa.airlines.path2usa.cucumber.TestNgTestRunner@235ecd9f</td></tr>
</table><p>
<table width='100%' border='1' class='invocation-skipped'>
<tr><td colspan='4' align='center'><b>SKIPPED TESTS</b></td></tr>
<tr><td><b>Test method</b></td>
<td><b>Attribute(s)</b></td>
<td width="30%"><b>Exception</b></td>
<td width="10%"><b>Time (seconds)</b></td>
<td><b>Instance</b></td>
</tr>
<tr>
<td title='usa.airlines.path2usa.travelcalendar.CalendarTravelDatePickerTest.acceptTerms()'><b>acceptTerms</b><br>Test class: usa.airlines.path2usa.travelcalendar.CalendarTravelDatePickerTest</td>
<td><div><pre>org.testng.SkipException: Skipping test due to missing consent message
	at usa.airlines.path2usa.travelcalendar.CalendarTravelDatePickerTest.acceptTerms(CalendarTravelDatePickerTest.java:56)
	at java.base/java.util.ArrayList.forEach(ArrayList.java:1596)
... Removed 30 stack frames</pre></div><a href='#' onClick='toggleBox("stack-trace1199141889", this, "Click to show all stack frames", "Click to hide stack frames")'>Click to show all stack frames</a>
<div class='stack-trace' id='stack-trace1199141889'><pre>org.testng.SkipException: Skipping test due to missing consent message
	at usa.airlines.path2usa.travelcalendar.CalendarTravelDatePickerTest.acceptTerms(CalendarTravelDatePickerTest.java:56)
	at java.base/jdk.internal.reflect.DirectMethodHandleAccessor.invoke(DirectMethodHandleAccessor.java:103)
	at java.base/java.lang.reflect.Method.invoke(Method.java:580)
	at org.testng.internal.invokers.MethodInvocationHelper.invokeMethod(MethodInvocationHelper.java:139)
	at org.testng.internal.invokers.TestInvoker.invokeMethod(TestInvoker.java:664)
	at org.testng.internal.invokers.TestInvoker.invokeTestMethod(TestInvoker.java:228)
	at org.testng.internal.invokers.MethodRunner.runInSequence(MethodRunner.java:63)
	at org.testng.internal.invokers.TestInvoker$MethodInvocationAgent.invoke(TestInvoker.java:961)
	at org.testng.internal.invokers.TestInvoker.invokeTestMethods(TestInvoker.java:201)
	at org.testng.internal.invokers.TestMethodWorker.invokeTestMethods(TestMethodWorker.java:148)
	at org.testng.internal.invokers.TestMethodWorker.run(TestMethodWorker.java:128)
	at java.base/java.util.ArrayList.forEach(ArrayList.java:1596)
	at org.testng.TestRunner.privateRun(TestRunner.java:819)
	at org.testng.TestRunner.run(TestRunner.java:619)
	at org.testng.SuiteRunner.runTest(SuiteRunner.java:443)
	at org.testng.SuiteRunner.runSequentially(SuiteRunner.java:437)
	at org.testng.SuiteRunner.privateRun(SuiteRunner.java:397)
	at org.testng.SuiteRunner.run(SuiteRunner.java:336)
	at org.testng.SuiteRunnerWorker.runSuite(SuiteRunnerWorker.java:52)
	at org.testng.SuiteRunnerWorker.run(SuiteRunnerWorker.java:95)
	at org.testng.TestNG.runSuitesSequentially(TestNG.java:1301)
	at org.testng.TestNG.runSuitesLocally(TestNG.java:1228)
	at org.testng.TestNG.runSuites(TestNG.java:1134)
	at org.testng.TestNG.run(TestNG.java:1101)
	at org.apache.maven.surefire.testng.TestNGExecutor.run(TestNGExecutor.java:155)
	at org.apache.maven.surefire.testng.TestNGDirectoryTestSuite.executeMulti(TestNGDirectoryTestSuite.java:169)
	at org.apache.maven.surefire.testng.TestNGDirectoryTestSuite.execute(TestNGDirectoryTestSuite.java:88)
	at org.apache.maven.surefire.testng.TestNGProvider.invoke(TestNGProvider.java:137)
	at org.apache.maven.surefire.booter.ForkedBooter.runSuitesInProcess(ForkedBooter.java:385)
	at org.apache.maven.surefire.booter.ForkedBooter.execute(ForkedBooter.java:162)
	at org.apache.maven.surefire.booter.ForkedBooter.run(ForkedBooter.java:507)
	at org.apache.maven.surefire.booter.ForkedBooter.main(ForkedBooter.java:495)
</pre></div></td>
<td>10</td>
<td>usa.airlines.path2usa.travelcalendar.CalendarTravelDatePickerTest@548d708a</td></tr>
</table><p>
</body>
</html>